2019-09-04T04:35:42+00:00 CRITICAL Uncaught Error: Call to undefined function nd_booking_get_final_price_tribic() in /Users/amiewalton/Documents/Websites/www.ltown.dev.cc/wp-content/plugins/nd-booking/inc/shortcodes/include/search-results/nd_booking_post_preview-1.php:141
Stack trace:
#0 /Users/amiewalton/Documents/Websites/www.ltown.dev.cc/wp-content/plugins/nd-booking/inc/shortcodes/include/search-results/nd_booking_search_results_right_content.php(38): include()
#1 /Users/amiewalton/Documents/Websites/www.ltown.dev.cc/wp-content/plugins/nd-booking/inc/shortcodes/nd_booking_search_result.php(116): include('/Users/amiewalt...')
#2 /Users/amiewalton/Documents/Websites/www.ltown.dev.cc/wp-includes/shortcodes.php(325): nd_booking_shortcode_search_results('', '', 'nd_booking_sear...')
#3 [internal function]: do_shortcode_tag(Array)
#4 /Users/amiewalton/Documents/Websites/www.ltown.dev.cc/wp-includes/shortcodes.php(199): preg_replace_callback('/\\[(\\[?)(nd_boo...', 'do_shortcode_ta...', '[nd_booking_sea...')
#5 /Users/amiewalton/Documents/Website in /Users/amiewalton/Documents/Websites/www.ltown.dev.cc/wp-content/plugins/nd-booking/inc/shortcodes/include/search-results/nd_booking_post_preview-1.php on line 141

2019-09-04T23:52:21+00:00 CRITICAL Uncaught Error: Call to undefined function write_log() in /Users/amiewalton/Documents/Websites/www.ltown.dev.cc/wp-content/plugins/nd-booking/inc/shortcodes/include/thankyou/nd_booking_thankyou_left_content.php:4
Stack trace:
#0 /Users/amiewalton/Documents/Websites/www.ltown.dev.cc/wp-content/plugins/nd-booking/inc/shortcodes/nd_booking_checkout.php(523): include()
#1 /Users/amiewalton/Documents/Websites/www.ltown.dev.cc/wp-includes/shortcodes.php(325): nd_booking_shortcode_checkout('', '', 'nd_booking_chec...')
#2 [internal function]: do_shortcode_tag(Array)
#3 /Users/amiewalton/Documents/Websites/www.ltown.dev.cc/wp-includes/shortcodes.php(199): preg_replace_callback('/\\[(\\[?)(nd_boo...', 'do_shortcode_ta...', '[nd_booking_che...')
#4 /Users/amiewalton/Documents/Websites/www.ltown.dev.cc/wp-content/plugins/js_composer/include/helpers/helpers.php(236): do_shortcode('[nd_booking_che...')
#5 /Users/amiewalton/Documents/Websites/www.ltown.dev.cc/wp-content/plugins/js_composer/include/templates/shortcodes/vc_c in /Users/amiewalton/Documents/Websites/www.ltown.dev.cc/wp-content/plugins/nd-booking/inc/shortcodes/include/thankyou/nd_booking_thankyou_left_content.php on line 4

2019-09-04T23:55:05+00:00 CRITICAL Uncaught Error: Call to undefined function write_log() in /Users/amiewalton/Documents/Websites/www.ltown.dev.cc/wp-content/plugins/nd-booking/inc/shortcodes/include/thankyou/nd_booking_thankyou_left_content.php:4
Stack trace:
#0 /Users/amiewalton/Documents/Websites/www.ltown.dev.cc/wp-content/plugins/nd-booking/inc/shortcodes/nd_booking_checkout.php(523): include()
#1 /Users/amiewalton/Documents/Websites/www.ltown.dev.cc/wp-includes/shortcodes.php(325): nd_booking_shortcode_checkout('', '', 'nd_booking_chec...')
#2 [internal function]: do_shortcode_tag(Array)
#3 /Users/amiewalton/Documents/Websites/www.ltown.dev.cc/wp-includes/shortcodes.php(199): preg_replace_callback('/\\[(\\[?)(nd_boo...', 'do_shortcode_ta...', '[nd_booking_che...')
#4 /Users/amiewalton/Documents/Websites/www.ltown.dev.cc/wp-content/plugins/js_composer/include/helpers/helpers.php(236): do_shortcode('[nd_booking_che...')
#5 /Users/amiewalton/Documents/Websites/www.ltown.dev.cc/wp-content/plugins/js_composer/include/templates/shortcodes/vc_c in /Users/amiewalton/Documents/Websites/www.ltown.dev.cc/wp-content/plugins/nd-booking/inc/shortcodes/include/thankyou/nd_booking_thankyou_left_content.php on line 4

